# JRE version: OpenJDK Runtime Environment (8.0_112-b06) (build 1.8.0_112-release-b06)
# Java VM: OpenJDK 64-Bit Server VM (25.112-b06 mixed mode windows-amd64 compressed oops)
Heap:
 PSYoungGen      total 107520K, used 24095K [0x00000000eab00000, 0x00000000f2180000, 0x0000000100000000)
  eden space 95744K, 17% used [0x00000000eab00000,0x00000000ebb32e70,0x00000000f0880000)
  from space 11776K, 63% used [0x00000000f1400000,0x00000000f1b55170,0x00000000f1f80000)
  to   space 11776K, 0% used [0x00000000f0880000,0x00000000f0880000,0x00000000f1400000)
 ParOldGen       total 84992K, used 15444K [0x00000000c0000000, 0x00000000c5300000, 0x00000000eab00000)
  object space 84992K, 18% used [0x00000000c0000000,0x00000000c0f150b0,0x00000000c5300000)
 Metaspace       used 38960K, capacity 39854K, committed 40064K, reserved 1083392K
  class space    used 5252K, capacity 5499K, committed 5504K, reserved 1048576K
GC Heap History (10 events):
Event: 25.869 GC heap before
{Heap before GC invocations=8 (full 1):
 PSYoungGen      total 57344K, used 52520K [0x00000000eab00000, 0x00000000eee00000, 0x0000000100000000)
  eden space 47104K, 100% used [0x00000000eab00000,0x00000000ed900000,0x00000000ed900000)
  from space 10240K, 52% used [0x00000000ee400000,0x00000000ee94a2a8,0x00000000eee00000)
  to   space 10752K, 0% used [0x00000000ed900000,0x00000000ed900000,0x00000000ee380000)
 ParOldGen       total 62976K, used 9803K [0x00000000c0000000, 0x00000000c3d80000, 0x00000000eab00000)
  object space 62976K, 15% used [0x00000000c0000000,0x00000000c0992dd8,0x00000000c3d80000)
 Metaspace       used 29689K, capacity 30288K, committed 30464K, reserved 1075200K
  class space    used 4066K, capacity 4242K, committed 4352K, reserved 1048576K
Event: 25.927 GC heap after
Heap after GC invocations=8 (full 1):
 PSYoungGen      total 57856K, used 6833K [0x00000000eab00000, 0x00000000f0680000, 0x0000000100000000)
  eden space 47104K, 0% used [0x00000000eab00000,0x00000000eab00000,0x00000000ed900000)
  from space 10752K, 63% used [0x00000000ed900000,0x00000000edfac698,0x00000000ee380000)
  to   space 10752K, 0% used [0x00000000efc00000,0x00000000efc00000,0x00000000f0680000)
 ParOldGen       total 62976K, used 9811K [0x00000000c0000000, 0x00000000c3d80000, 0x00000000eab00000)
  object space 62976K, 15% used [0x00000000c0000000,0x00000000c0994dd8,0x00000000c3d80000)
 Metaspace       used 29689K, capacity 30288K, committed 30464K, reserved 1075200K
  class space    used 4066K, capacity 4242K, committed 4352K, reserved 1048576K
}
Event: 51.405 GC heap before
{Heap before GC invocations=9 (full 1):
 PSYoungGen      total 57856K, used 53937K [0x00000000eab00000, 0x00000000f0680000, 0x0000000100000000)
  eden space 47104K, 100% used [0x00000000eab00000,0x00000000ed900000,0x00000000ed900000)
  from space 10752K, 63% used [0x00000000ed900000,0x00000000edfac698,0x00000000ee380000)
  to   space 10752K, 0% used [0x00000000efc00000,0x00000000efc00000,0x00000000f0680000)
 ParOldGen       total 62976K, used 9811K [0x00000000c0000000, 0x00000000c3d80000, 0x00000000eab00000)
  object space 62976K, 15% used [0x00000000c0000000,0x00000000c0994dd8,0x00000000c3d80000)
 Metaspace       used 32458K, capacity 33226K, committed 33280K, reserved 1077248K
  class space    used 4396K, capacity 4606K, committed 4608K, reserved 1048576K
Event: 51.452 GC heap after
Heap after GC invocations=9 (full 1):
 PSYoungGen      total 78848K, used 8745K [0x00000000eab00000, 0x00000000f0500000, 0x0000000100000000)
  eden space 69632K, 0% used [0x00000000eab00000,0x00000000eab00000,0x00000000eef00000)
  from space 9216K, 94% used [0x00000000efc00000,0x00000000f048a448,0x00000000f0500000)
  to   space 11264K, 0% used [0x00000000eef00000,0x00000000eef00000,0x00000000efa00000)
 ParOldGen       total 62976K, used 9883K [0x00000000c0000000, 0x00000000c3d80000, 0x00000000eab00000)
  object space 62976K, 15% used [0x00000000c0000000,0x00000000c09a6de8,0x00000000c3d80000)
 Metaspace       used 32458K, capacity 33226K, committed 33280K, reserved 1077248K
  class space    used 4396K, capacity 4606K, committed 4608K, reserved 1048576K
}
Event: 52.401 GC heap before
{Heap before GC invocations=10 (full 1):
 PSYoungGen      total 78848K, used 27088K [0x00000000eab00000, 0x00000000f0500000, 0x0000000100000000)
  eden space 69632K, 26% used [0x00000000eab00000,0x00000000ebce9f80,0x00000000eef00000)
  from space 9216K, 94% used [0x00000000efc00000,0x00000000f048a448,0x00000000f0500000)
  to   space 11264K, 0% used [0x00000000eef00000,0x00000000eef00000,0x00000000efa00000)
 ParOldGen       total 62976K, used 9883K [0x00000000c0000000, 0x00000000c3d80000, 0x00000000eab00000)
  object space 62976K, 15% used [0x00000000c0000000,0x00000000c09a6de8,0x00000000c3d80000)
 Metaspace       used 34590K, capacity 35354K, committed 35496K, reserved 1079296K
  class space    used 4661K, capacity 4850K, committed 4864K, reserved 1048576K
Event: 52.428 GC heap after
Heap after GC invocations=10 (full 1):
 PSYoungGen      total 80896K, used 9101K [0x00000000eab00000, 0x00000000f1f80000, 0x0000000100000000)
  eden space 69632K, 0% used [0x00000000eab00000,0x00000000eab00000,0x00000000eef00000)
  from space 11264K, 80% used [0x00000000eef00000,0x00000000ef7e36a8,0x00000000efa00000)
  to   space 11776K, 0% used [0x00000000f1400000,0x00000000f1400000,0x00000000f1f80000)
 ParOldGen       total 62976K, used 9891K [0x00000000c0000000, 0x00000000c3d80000, 0x00000000eab00000)
  object space 62976K, 15% used [0x00000000c0000000,0x00000000c09a8de8,0x00000000c3d80000)
 Metaspace       used 34590K, capacity 35354K, committed 35496K, reserved 1079296K
  class space    used 4661K, capacity 4850K, committed 4864K, reserved 1048576K
}
Event: 52.428 GC heap before
{Heap before GC invocations=11 (full 2):
 PSYoungGen      total 80896K, used 9101K [0x00000000eab00000, 0x00000000f1f80000, 0x0000000100000000)
  eden space 69632K, 0% used [0x00000000eab00000,0x00000000eab00000,0x00000000eef00000)
  from space 11264K, 80% used [0x00000000eef00000,0x00000000ef7e36a8,0x00000000efa00000)
  to   space 11776K, 0% used [0x00000000f1400000,0x00000000f1400000,0x00000000f1f80000)
 ParOldGen       total 62976K, used 9891K [0x00000000c0000000, 0x00000000c3d80000, 0x00000000eab00000)
  object space 62976K, 15% used [0x00000000c0000000,0x00000000c09a8de8,0x00000000c3d80000)
 Metaspace       used 34590K, capacity 35354K, committed 35496K, reserved 1079296K
  class space    used 4661K, capacity 4850K, committed 4864K, reserved 1048576K
Event: 52.646 GC heap after
Heap after GC invocations=11 (full 2):
 PSYoungGen      total 80896K, used 0K [0x00000000eab00000, 0x00000000f1f80000, 0x0000000100000000)
  eden space 69632K, 0% used [0x00000000eab00000,0x00000000eab00000,0x00000000eef00000)
  from space 11264K, 0% used [0x00000000eef00000,0x00000000eef00000,0x00000000efa00000)
  to   space 11776K, 0% used [0x00000000f1400000,0x00000000f1400000,0x00000000f1f80000)
 ParOldGen       total 84992K, used 15436K [0x00000000c0000000, 0x00000000c5300000, 0x00000000eab00000)
  object space 84992K, 18% used [0x00000000c0000000,0x00000000c0f130b0,0x00000000c5300000)
 Metaspace       used 34590K, capacity 35354K, committed 35496K, reserved 1079296K
  class space    used 4661K, capacity 4850K, committed 4864K, reserved 1048576K
}
Event: 55.240 GC heap before
{Heap before GC invocations=12 (full 2):
 PSYoungGen      total 80896K, used 69632K [0x00000000eab00000, 0x00000000f1f80000, 0x0000000100000000)
  eden space 69632K, 100% used [0x00000000eab00000,0x00000000eef00000,0x00000000eef00000)
  from space 11264K, 0% used [0x00000000eef00000,0x00000000eef00000,0x00000000efa00000)
  to   space 11776K, 0% used [0x00000000f1400000,0x00000000f1400000,0x00000000f1f80000)
 ParOldGen       total 84992K, used 15436K [0x00000000c0000000, 0x00000000c5300000, 0x00000000eab00000)
  object space 84992K, 18% used [0x00000000c0000000,0x00000000c0f130b0,0x00000000c5300000)
 Metaspace       used 37895K, capacity 38794K, committed 39168K, reserved 1083392K
  class space    used 5081K, capacity 5298K, committed 5376K, reserved 1048576K
Event: 55.288 GC heap after
Heap after GC invocations=12 (full 2):
 PSYoungGen      total 107520K, used 7508K [0x00000000eab00000, 0x00000000f2180000, 0x0000000100000000)
  eden space 95744K, 0% used [0x00000000eab00000,0x00000000eab00000,0x00000000f0880000)
  from space 11776K, 63% used [0x00000000f1400000,0x00000000f1b55170,0x00000000f1f80000)
  to   space 11776K, 0% used [0x00000000f0880000,0x00000000f0880000,0x00000000f1400000)
 ParOldGen       total 84992K, used 15444K [0x00000000c0000000, 0x00000000c5300000, 0x00000000eab00000)
  object space 84992K, 18% used [0x00000000c0000000,0x00000000c0f150b0,0x00000000c5300000)
 Metaspace       used 37895K, capacity 38794K, committed 39168K, reserved 1083392K
  class space    used 5081K, capacity 5298K, committed 5376K, reserved 1048576K
}

